# JRE version: OpenJDK Runtime Environment Microsoft-40648 (11.0.16.1+1) (build 11.0.16.1+1-LTS)
# Java VM: OpenJDK 64-Bit Server VM Microsoft-40648 (11.0.16.1+1-LTS, mixed mode, tiered, compressed oops, g1 gc, windows-amd64)
Heap:
 garbage-first heap   total 253952K, used 163927K [0x0000000080000000, 0x0000000100000000)
  region size 1024K, 86 young (88064K), 4 survivors (4096K)
 Metaspace       used 101827K, capacity 104502K, committed 104584K, reserved 608256K
  class space    used 13117K, capacity 14170K, committed 14208K, reserved 516096K
GC Heap History (20 events):
Event: 7.777 GC heap before
{Heap before GC invocations=4 (full 0):
 garbage-first heap   total 253952K, used 83511K [0x0000000080000000, 0x0000000100000000)
  region size 1024K, 65 young (66560K), 1 survivors (1024K)
 Metaspace       used 29179K, capacity 29859K, committed 30000K, reserved 542720K
  class space    used 3803K, capacity 4102K, committed 4224K, reserved 516096K
}
Event: 7.782 GC heap after
{Heap after GC invocations=5 (full 0):
 garbage-first heap   total 253952K, used 20009K [0x0000000080000000, 0x0000000100000000)
  region size 1024K, 3 young (3072K), 3 survivors (3072K)
 Metaspace       used 29179K, capacity 29859K, committed 30000K, reserved 542720K
  class space    used 3803K, capacity 4102K, committed 4224K, reserved 516096K
}
Event: 8.370 GC heap before
{Heap before GC invocations=5 (full 0):
 garbage-first heap   total 253952K, used 52777K [0x0000000080000000, 0x0000000100000000)
  region size 1024K, 36 young (36864K), 3 survivors (3072K)
 Metaspace       used 34988K, capacity 35759K, committed 35920K, reserved 548864K
  class space    used 4462K, capacity 4790K, committed 4864K, reserved 516096K
}
Event: 8.380 GC heap after
{Heap after GC invocations=6 (full 0):
 garbage-first heap   total 253952K, used 22275K [0x0000000080000000, 0x0000000100000000)
  region size 1024K, 6 young (6144K), 6 survivors (6144K)
 Metaspace       used 34988K, capacity 35759K, committed 35920K, reserved 548864K
  class space    used 4462K, capacity 4790K, committed 4864K, reserved 516096K
}
Event: 16.185 GC heap before
{Heap before GC invocations=7 (full 0):
 garbage-first heap   total 253952K, used 120579K [0x0000000080000000, 0x0000000100000000)
  region size 1024K, 100 young (102400K), 6 survivors (6144K)
 Metaspace       used 42271K, capacity 43383K, committed 43600K, reserved 555008K
  class space    used 5330K, capacity 5780K, committed 5888K, reserved 516096K
}
Event: 16.193 GC heap after
{Heap after GC invocations=8 (full 0):
 garbage-first heap   total 253952K, used 28838K [0x0000000080000000, 0x0000000100000000)
  region size 1024K, 12 young (12288K), 12 survivors (12288K)
 Metaspace       used 42271K, capacity 43383K, committed 43600K, reserved 555008K
  class space    used 5330K, capacity 5780K, committed 5888K, reserved 516096K
}
Event: 21.363 GC heap before
{Heap before GC invocations=8 (full 0):
 garbage-first heap   total 253952K, used 132262K [0x0000000080000000, 0x0000000100000000)
  region size 1024K, 112 young (114688K), 12 survivors (12288K)
 Metaspace       used 50512K, capacity 51867K, committed 51920K, reserved 561152K
  class space    used 6466K, capacity 7004K, committed 7040K, reserved 516096K
}
Event: 21.386 GC heap after
{Heap after GC invocations=9 (full 0):
 garbage-first heap   total 253952K, used 31818K [0x0000000080000000, 0x0000000100000000)
  region size 1024K, 10 young (10240K), 10 survivors (10240K)
 Metaspace       used 50512K, capacity 51867K, committed 51920K, reserved 561152K
  class space    used 6466K, capacity 7004K, committed 7040K, reserved 516096K
}
Event: 26.208 GC heap before
{Heap before GC invocations=9 (full 0):
 garbage-first heap   total 253952K, used 128074K [0x0000000080000000, 0x0000000100000000)
  region size 1024K, 101 young (103424K), 10 survivors (10240K)
 Metaspace       used 58545K, capacity 60195K, committed 60296K, reserved 569344K
  class space    used 7588K, capacity 8288K, committed 8320K, reserved 516096K
}
Event: 26.223 GC heap after
{Heap after GC invocations=10 (full 0):
 garbage-first heap   total 253952K, used 40329K [0x0000000080000000, 0x0000000100000000)
  region size 1024K, 14 young (14336K), 14 survivors (14336K)
 Metaspace       used 58545K, capacity 60195K, committed 60296K, reserved 569344K
  class space    used 7588K, capacity 8288K, committed 8320K, reserved 516096K
}
Event: 36.447 GC heap before
{Heap before GC invocations=11 (full 0):
 garbage-first heap   total 253952K, used 166281K [0x0000000080000000, 0x0000000100000000)
  region size 1024K, 137 young (140288K), 14 survivors (14336K)
 Metaspace       used 66207K, capacity 68140K, committed 68360K, reserved 575488K
  class space    used 8623K, capacity 9424K, committed 9472K, reserved 516096K
}
Event: 36.458 GC heap after
{Heap after GC invocations=12 (full 0):
 garbage-first heap   total 253952K, used 45601K [0x0000000080000000, 0x0000000100000000)
  region size 1024K, 14 young (14336K), 14 survivors (14336K)
 Metaspace       used 66207K, capacity 68140K, committed 68360K, reserved 575488K
  class space    used 8623K, capacity 9424K, committed 9472K, reserved 516096K
}
Event: 44.872 GC heap before
{Heap before GC invocations=12 (full 0):
 garbage-first heap   total 253952K, used 176673K [0x0000000080000000, 0x0000000100000000)
  region size 1024K, 138 young (141312K), 14 survivors (14336K)
 Metaspace       used 74539K, capacity 76754K, committed 76936K, reserved 583680K
  class space    used 9659K, capacity 10568K, committed 10624K, reserved 516096K
}
Event: 44.883 GC heap after
{Heap after GC invocations=13 (full 0):
 garbage-first heap   total 253952K, used 60912K [0x0000000080000000, 0x0000000100000000)
  region size 1024K, 17 young (17408K), 17 survivors (17408K)
 Metaspace       used 74539K, capacity 76754K, committed 76936K, reserved 583680K
  class space    used 9659K, capacity 10568K, committed 10624K, reserved 516096K
}
Event: 46.395 GC heap before
{Heap before GC invocations=13 (full 0):
 garbage-first heap   total 253952K, used 189936K [0x0000000080000000, 0x0000000100000000)
  region size 1024K, 135 young (138240K), 17 survivors (17408K)
 Metaspace       used 85151K, capacity 87503K, committed 87688K, reserved 593920K
  class space    used 10904K, capacity 11833K, committed 11904K, reserved 516096K
}
Event: 46.406 GC heap after
{Heap after GC invocations=14 (full 0):
 garbage-first heap   total 253952K, used 69408K [0x0000000080000000, 0x0000000100000000)
  region size 1024K, 10 young (10240K), 10 survivors (10240K)
 Metaspace       used 85151K, capacity 87503K, committed 87688K, reserved 593920K
  class space    used 10904K, capacity 11833K, committed 11904K, reserved 516096K
}
Event: 51.956 GC heap before
{Heap before GC invocations=14 (full 0):
 garbage-first heap   total 253952K, used 187168K [0x0000000080000000, 0x0000000100000000)
  region size 1024K, 125 young (128000K), 10 survivors (10240K)
 Metaspace       used 93547K, capacity 96029K, committed 96136K, reserved 600064K
  class space    used 12181K, capacity 13155K, committed 13184K, reserved 516096K
}
Event: 51.967 GC heap after
{Heap after GC invocations=15 (full 0):
 garbage-first heap   total 253952K, used 78256K [0x0000000080000000, 0x0000000100000000)
  region size 1024K, 9 young (9216K), 9 survivors (9216K)
 Metaspace       used 93547K, capacity 96029K, committed 96136K, reserved 600064K
  class space    used 12181K, capacity 13155K, committed 13184K, reserved 516096K
}
Event: 53.235 GC heap before
{Heap before GC invocations=15 (full 0):
 garbage-first heap   total 253952K, used 126384K [0x0000000080000000, 0x0000000100000000)
  region size 1024K, 57 young (58368K), 9 survivors (9216K)
 Metaspace       used 98298K, capacity 100820K, committed 100872K, reserved 604160K
  class space    used 12764K, capacity 13791K, committed 13824K, reserved 516096K
}
Event: 53.255 GC heap after
{Heap after GC invocations=16 (full 0):
 garbage-first heap   total 253952K, used 82007K [0x0000000080000000, 0x0000000100000000)
  region size 1024K, 4 young (4096K), 4 survivors (4096K)
 Metaspace       used 98298K, capacity 100820K, committed 100872K, reserved 604160K
  class space    used 12764K, capacity 13791K, committed 13824K, reserved 516096K
}

